#===============================================================================
# Copyright 2020-2021 Intel Corporation
#
# Licensed under the Apache License, Version 2.0 (the "License");
# you may not use this file except in compliance with the License.
# You may obtain a copy of the License at
#
#     http://www.apache.org/licenses/LICENSE-2.0
#
# Unless required by applicable law or agreed to in writing, software
# distributed under the License is distributed on an "AS IS" BASIS,
# WITHOUT WARRANTIES OR CONDITIONS OF ANY KIND, either express or implied.
# See the License for the specific language governing permissions and
# limitations under the License.
#===============================================================================

##  Content:
##     oneAPI Data Analytics Library examples list
##******************************************************************************

ONEDAL = basic_statistics_dense_batch        \
         column_accessor_homogen             \
         connected_components_batch          \
         cor_dense_batch                     \
         cov_dense_batch                     \
         dbscan_brute_force_batch            \
         df_cls_dense_batch                  \
         df_reg_dense_batch                  \
         directed_graph                      \
         graph_service_functions             \
         jaccard_batch                       \
         kmeans_lloyd_dense_batch            \
         kmeans_init_dense                   \
         knn_cls_brute_force_dense_batch     \
         knn_cls_kd_tree_dense_batch         \
         knn_search_brute_force_dense_batch  \
         linear_kernel_dense_batch           \
         linear_regression_dense_batch       \
         louvain_batch                       \
         pca_dense_batch                     \
         polynomial_kernel_dense_batch       \
         sigmoid_kernel_dense_batch          \
         rbf_kernel_dense_batch              \
         shortest_paths_batch                \
         svm_nu_cls_thunder_dense_batch      \
         svm_nu_reg_thunder_dense_batch      \
         svm_two_class_thunder_dense_batch   \
         svm_two_class_smo_dense_batch       \
         svm_multi_class_thunder_dense_batch \
         svm_reg_thunder_dense_batch         \
         subgraph_isomorphism_batch          \
         triangle_counting_batch
