#===============================================================================
# Copyright 2017-2018 Intel Corporation.
#
# This software and the related documents are Intel copyrighted  materials,  and
# your use of  them is  governed by the  express license  under which  they were
# provided to you (License).  Unless the License provides otherwise, you may not
# use, modify, copy, publish, distribute,  disclose or transmit this software or
# the related documents without Intel's prior written permission.
#
# This software and the related documents  are provided as  is,  with no express
# or implied  warranties,  other  than those  that are  expressly stated  in the
# License.
#
# License:
# http://software.intel.com/en-us/articles/intel-sample-source-code-license-agr
# eement/
#===============================================================================

##  Content:
##     Intel(R) Data Analytics Acceleration Library samples list
##******************************************************************************

MYSQL = datasource_mysql \
        datasource_mysql_modifiers
